<?xml version="1.0" encoding="UTF-8"?>
<beans xmlns="http://www.springframework.org/schema/beans"
	xmlns:xsi="http://www.w3.org/2001/XMLSchema-instance"
	xmlns:context="http://www.springframework.org/schema/context"
	xsi:schemaLocation="http://www.springframework.org/schema/beans http://www.springframework.org/schema/beans/spring-beans.xsd
		http://www.springframework.org/schema/context http://www.springframework.org/schema/context/spring-context-3.0.xsd">

	<import resource="classpath:spring/mail-context.xml"/>
	<import resource="classpath:spring/database-context.xml"/>
	<context:component-scan base-package="org.madridjs.logopoll"></context:component-scan>
	<context:property-placeholder location="classpath:spring/test-database.properties"/>

</beans>
