<?xml version="1.0" encoding="UTF-8"?>
<beans xmlns="http://www.springframework.org/schema/beans"
	xmlns:xsi="http://www.w3.org/2001/XMLSchema-instance"
	xmlns:context="http://www.springframework.org/schema/context"
	xmlns:jdbc="http://www.springframework.org/schema/jdbc"
	xsi:schemaLocation="http://www.springframework.org/schema/jdbc http://www.springframework.org/schema/jdbc/spring-jdbc-3.0.xsd
		http://www.springframework.org/schema/beans http://www.springframework.org/schema/beans/spring-beans.xsd
		http://www.springframework.org/schema/context http://www.springframework.org/schema/context/spring-context-3.0.xsd">

	<import resource="classpath:spring/mail-context.xml"/>
	<import resource="classpath:spring/database-context.xml"/>
	<context:component-scan base-package="org.madridjs.logopoll"></context:component-scan>
	
	<jdbc:initialize-database>
		<jdbc:script location="classpath:sql/creates.sql"/>
		<jdbc:script location="classpath:sql/data.sql"/>
	</jdbc:initialize-database>

</beans>
